2025-06-03 12:28:09,713 | INFO     | ActionRecommender | Initialized action recommender with predefined policies
2025-06-03 12:28:22,570 | INFO     | ActionRecommender | Initialized action recommender with predefined policies
2025-06-03 12:28:22,570 | INFO     | ActionRecommender | Initialized action recommender with predefined policies
2025-06-03 12:28:22,846 | INFO     | ActionRecommender | Initialized action recommender with predefined policies
2025-06-03 12:28:22,846 | INFO     | ActionRecommender | Initialized action recommender with predefined policies
2025-06-03 12:28:22,846 | INFO     | ActionRecommender | Initialized action recommender with predefined policies
2025-06-03 12:28:31,207 | INFO     | ActionRecommender | Recommended action: ALLOW (Severity: None)
2025-06-03 12:28:31,207 | INFO     | ActionRecommender | Recommended action: ALLOW (Severity: None)
2025-06-03 12:28:31,207 | INFO     | ActionRecommender | Recommended action: ALLOW (Severity: None)
2025-06-03 12:52:33,283 | INFO     | ActionRecommender | Initialized action recommender with predefined policies
2025-06-03 12:53:05,264 | INFO     | ActionRecommender | Initialized action recommender with predefined policies
2025-06-03 12:53:05,264 | INFO     | ActionRecommender | Initialized action recommender with predefined policies
2025-06-03 12:53:05,439 | INFO     | ActionRecommender | Initialized action recommender with predefined policies
2025-06-03 12:53:05,439 | INFO     | ActionRecommender | Initialized action recommender with predefined policies
2025-06-03 12:53:05,439 | INFO     | ActionRecommender | Initialized action recommender with predefined policies
2025-06-03 12:53:14,344 | INFO     | ActionRecommender | Recommended action: ALLOW (Severity: None)
2025-06-03 12:53:14,344 | INFO     | ActionRecommender | Recommended action: ALLOW (Severity: None)
2025-06-03 12:53:14,344 | INFO     | ActionRecommender | Recommended action: ALLOW (Severity: None)
2025-06-03 12:53:38,910 | INFO     | ActionRecommender | Initialized action recommender with predefined policies
2025-06-03 12:53:38,910 | INFO     | ActionRecommender | Initialized action recommender with predefined policies
2025-06-03 12:53:38,910 | INFO     | ActionRecommender | Initialized action recommender with predefined policies
2025-06-03 12:53:38,910 | INFO     | ActionRecommender | Initialized action recommender with predefined policies
2025-06-03 12:53:39,106 | INFO     | ActionRecommender | Initialized action recommender with predefined policies
2025-06-03 12:53:39,106 | INFO     | ActionRecommender | Initialized action recommender with predefined policies
2025-06-03 12:53:39,106 | INFO     | ActionRecommender | Initialized action recommender with predefined policies
2025-06-03 12:53:39,106 | INFO     | ActionRecommender | Initialized action recommender with predefined policies
2025-06-03 12:53:39,106 | INFO     | ActionRecommender | Initialized action recommender with predefined policies
2025-06-03 12:53:48,559 | INFO     | ActionRecommender | Recommended action: ALLOW (Severity: None)
2025-06-03 12:53:48,559 | INFO     | ActionRecommender | Recommended action: ALLOW (Severity: None)
2025-06-03 12:53:48,559 | INFO     | ActionRecommender | Recommended action: ALLOW (Severity: None)
2025-06-03 12:53:48,559 | INFO     | ActionRecommender | Recommended action: ALLOW (Severity: None)
2025-06-03 12:53:48,559 | INFO     | ActionRecommender | Recommended action: ALLOW (Severity: None)
2025-06-03 13:00:14,226 | INFO     | ActionRecommender | Initialized action recommender with predefined policies
2025-06-03 13:00:14,226 | INFO     | ActionRecommender | Initialized action recommender with predefined policies
2025-06-03 13:00:14,226 | INFO     | ActionRecommender | Initialized action recommender with predefined policies
2025-06-03 13:00:14,226 | INFO     | ActionRecommender | Initialized action recommender with predefined policies
2025-06-03 13:00:14,226 | INFO     | ActionRecommender | Initialized action recommender with predefined policies
2025-06-03 13:00:14,226 | INFO     | ActionRecommender | Initialized action recommender with predefined policies
2025-06-03 13:01:53,757 | INFO     | ActionRecommender | Initialized action recommender with predefined policies
2025-06-03 13:05:17,442 | INFO     | ActionRecommender | Initialized action recommender with predefined policies
2025-06-03 13:05:47,965 | INFO     | ActionRecommender | Initialized action recommender with predefined policies
2025-06-03 13:05:47,965 | INFO     | ActionRecommender | Initialized action recommender with predefined policies
2025-06-03 13:05:48,060 | INFO     | ActionRecommender | Initialized action recommender with predefined policies
2025-06-03 13:05:48,060 | INFO     | ActionRecommender | Initialized action recommender with predefined policies
2025-06-03 13:05:48,060 | INFO     | ActionRecommender | Initialized action recommender with predefined policies
2025-06-03 13:05:59,006 | INFO     | ActionRecommender | Recommended action: ALLOW (Severity: None)
2025-06-03 13:05:59,006 | INFO     | ActionRecommender | Recommended action: ALLOW (Severity: None)
2025-06-03 13:05:59,006 | INFO     | ActionRecommender | Recommended action: ALLOW (Severity: None)
2025-06-03 13:06:44,471 | INFO     | ActionRecommender | Initialized action recommender with predefined policies
2025-06-03 13:06:44,471 | INFO     | ActionRecommender | Initialized action recommender with predefined policies
2025-06-03 13:06:44,471 | INFO     | ActionRecommender | Initialized action recommender with predefined policies
2025-06-03 13:06:44,471 | INFO     | ActionRecommender | Initialized action recommender with predefined policies
2025-06-03 13:06:44,746 | INFO     | ActionRecommender | Initialized action recommender with predefined policies
2025-06-03 13:06:44,746 | INFO     | ActionRecommender | Initialized action recommender with predefined policies
2025-06-03 13:06:44,746 | INFO     | ActionRecommender | Initialized action recommender with predefined policies
2025-06-03 13:06:44,746 | INFO     | ActionRecommender | Initialized action recommender with predefined policies
2025-06-03 13:06:44,746 | INFO     | ActionRecommender | Initialized action recommender with predefined policies
2025-06-03 13:06:54,016 | INFO     | ActionRecommender | Recommended action: REMOVE_AND_WARN (Severity: Medium)
2025-06-03 13:06:54,016 | INFO     | ActionRecommender | Recommended action: REMOVE_AND_WARN (Severity: Medium)
2025-06-03 13:06:54,016 | INFO     | ActionRecommender | Recommended action: REMOVE_AND_WARN (Severity: Medium)
2025-06-03 13:06:54,016 | INFO     | ActionRecommender | Recommended action: REMOVE_AND_WARN (Severity: Medium)
2025-06-03 13:06:54,016 | INFO     | ActionRecommender | Recommended action: REMOVE_AND_WARN (Severity: Medium)
2025-06-03 13:07:58,878 | INFO     | ActionRecommender | Initialized action recommender with predefined policies
2025-06-03 13:11:12,720 | INFO     | ActionRecommender | Initialized action recommender with predefined policies
2025-06-03 13:12:44,812 | INFO     | ActionRecommender | Initialized action recommender with predefined policies
2025-06-03 13:12:44,812 | INFO     | ActionRecommender | Initialized action recommender with predefined policies
2025-06-03 13:13:11,090 | INFO     | ActionRecommender | Initialized action recommender with predefined policies
2025-06-03 13:13:11,090 | INFO     | ActionRecommender | Initialized action recommender with predefined policies
2025-06-03 13:13:11,090 | INFO     | ActionRecommender | Initialized action recommender with predefined policies
2025-06-03 13:13:43,869 | INFO     | ActionRecommender | Initialized action recommender with predefined policies
2025-06-03 13:13:43,869 | INFO     | ActionRecommender | Initialized action recommender with predefined policies
2025-06-03 13:13:43,869 | INFO     | ActionRecommender | Initialized action recommender with predefined policies
2025-06-03 13:13:43,869 | INFO     | ActionRecommender | Initialized action recommender with predefined policies
2025-06-03 13:14:24,408 | INFO     | ActionRecommender | Initialized action recommender with predefined policies
2025-06-03 13:14:24,408 | INFO     | ActionRecommender | Initialized action recommender with predefined policies
2025-06-03 13:14:24,408 | INFO     | ActionRecommender | Initialized action recommender with predefined policies
2025-06-03 13:14:24,408 | INFO     | ActionRecommender | Initialized action recommender with predefined policies
2025-06-03 13:14:24,408 | INFO     | ActionRecommender | Initialized action recommender with predefined policies
2025-06-03 13:14:55,909 | INFO     | ActionRecommender | Initialized action recommender with predefined policies
2025-06-03 13:14:55,909 | INFO     | ActionRecommender | Initialized action recommender with predefined policies
2025-06-03 13:14:55,909 | INFO     | ActionRecommender | Initialized action recommender with predefined policies
2025-06-03 13:14:55,909 | INFO     | ActionRecommender | Initialized action recommender with predefined policies
2025-06-03 13:14:55,909 | INFO     | ActionRecommender | Initialized action recommender with predefined policies
2025-06-03 13:14:55,909 | INFO     | ActionRecommender | Initialized action recommender with predefined policies
2025-06-03 13:19:24,489 | INFO     | ActionRecommender | Initialized action recommender with predefined policies
2025-06-03 13:20:02,174 | INFO     | ActionRecommender | Recommended action: FLAG_FOR_REVIEW (Severity: Low)
2025-06-03 13:20:44,748 | INFO     | ActionRecommender | Initialized action recommender with predefined policies
2025-06-03 13:20:44,748 | INFO     | ActionRecommender | Initialized action recommender with predefined policies
2025-06-03 13:22:59,895 | INFO     | ActionRecommender | Initialized action recommender with predefined policies
2025-06-03 13:23:37,570 | INFO     | ActionRecommender | Initialized action recommender with predefined policies
2025-06-03 13:23:37,570 | INFO     | ActionRecommender | Initialized action recommender with predefined policies
2025-06-03 13:23:37,791 | INFO     | ActionRecommender | Initialized action recommender with predefined policies
2025-06-03 13:23:37,791 | INFO     | ActionRecommender | Initialized action recommender with predefined policies
2025-06-03 13:23:37,791 | INFO     | ActionRecommender | Initialized action recommender with predefined policies
2025-06-03 13:23:47,520 | INFO     | ActionRecommender | Recommended action: ALLOW (Severity: None)
2025-06-03 13:23:47,520 | INFO     | ActionRecommender | Recommended action: ALLOW (Severity: None)
2025-06-03 13:23:47,520 | INFO     | ActionRecommender | Recommended action: ALLOW (Severity: None)
2025-06-03 13:24:37,010 | INFO     | ActionRecommender | Initialized action recommender with predefined policies
2025-06-03 13:24:37,010 | INFO     | ActionRecommender | Initialized action recommender with predefined policies
2025-06-03 13:24:37,010 | INFO     | ActionRecommender | Initialized action recommender with predefined policies
2025-06-03 13:24:37,010 | INFO     | ActionRecommender | Initialized action recommender with predefined policies
2025-06-03 13:25:19,588 | INFO     | ActionRecommender | Initialized action recommender with predefined policies
2025-06-03 13:25:19,588 | INFO     | ActionRecommender | Initialized action recommender with predefined policies
2025-06-03 13:25:19,588 | INFO     | ActionRecommender | Initialized action recommender with predefined policies
2025-06-03 13:25:19,588 | INFO     | ActionRecommender | Initialized action recommender with predefined policies
2025-06-03 13:25:19,588 | INFO     | ActionRecommender | Initialized action recommender with predefined policies
2025-06-03 13:29:02,913 | INFO     | ActionRecommender | Initialized action recommender with predefined policies
2025-06-03 13:29:49,315 | INFO     | ActionRecommender | Recommended action: ALLOW (Severity: None)
2025-06-03 13:30:46,213 | INFO     | ActionRecommender | Recommended action: WARN_USER (Severity: Low)
2025-06-03 13:31:06,678 | INFO     | ActionRecommender | Recommended action: WARN_USER (Severity: Low)
2025-06-03 13:32:34,464 | INFO     | ActionRecommender | Recommended action: ALLOW (Severity: None)
2025-06-03 13:33:14,601 | INFO     | ActionRecommender | Recommended action: REMOVE_AND_WARN (Severity: Medium)
2025-06-03 13:34:08,206 | INFO     | ActionRecommender | Recommended action: REMOVE_AND_WARN (Severity: Medium)
2025-06-03 13:34:31,457 | INFO     | ActionRecommender | Initialized action recommender with predefined policies
2025-06-03 13:38:25,280 | INFO     | ActionRecommender | Recommended action: ALLOW (Severity: None)
2025-06-03 13:39:35,748 | INFO     | ActionRecommender | Recommended action: REMOVE_AND_WARN (Severity: Medium)
2025-06-03 13:49:53,503 | INFO     | ActionRecommender | Recommended action: ALLOW (Severity: None)
2025-06-03 13:52:42,128 | INFO     | ActionRecommender | Recommended action: REMOVE_AND_WARN (Severity: Medium)
2025-06-03 14:00:59,191 | INFO     | ActionRecommender | Initialized action recommender with predefined policies
2025-06-03 14:01:30,144 | INFO     | ActionRecommender | Recommended action: ALLOW (Severity: None)
2025-06-03 14:11:57,755 | INFO     | ActionRecommender | Initialized action recommender with predefined policies
2025-06-03 14:24:39,322 | INFO     | ActionRecommender | Initialized action recommender with predefined policies
2025-06-03 14:26:37,671 | INFO     | ActionRecommender | Initialized action recommender with predefined policies
2025-06-03 14:30:44,530 | INFO     | ActionRecommender | Recommended action: REMOVE_AND_WARN (Severity: Medium)
2025-06-03 14:33:17,449 | INFO     | ActionRecommender | Initialized action recommender with predefined policies
2025-06-03 14:40:35,732 | INFO     | ActionRecommender | Initialized action recommender with predefined policies
2025-06-03 14:44:14,501 | INFO     | ActionRecommender | Initialized action recommender with predefined policies
2025-06-03 14:45:35,636 | INFO     | ActionRecommender | Recommended action: FLAG_FOR_REVIEW (Severity: Low)
2025-06-03 14:46:45,006 | INFO     | ActionRecommender | Recommended action: REMOVE_AND_WARN (Severity: Medium)
2025-06-03 15:37:28,818 | INFO     | ActionRecommender | Initialized action recommender with predefined policies
2025-06-03 16:26:18,571 | INFO     | ActionRecommender | Initialized action recommender with predefined policies
2025-06-03 16:27:17,123 | INFO     | ActionRecommender | Recommended action: ALLOW (Severity: None)
2025-06-03 16:44:06,060 | INFO     | ActionRecommender | Recommended action: REMOVE_AND_WARN (Severity: Medium)
2025-06-03 16:45:01,091 | INFO     | ActionRecommender | Recommended action: ALLOW (Severity: None)
2025-06-03 16:45:34,561 | INFO     | ActionRecommender | Recommended action: ALLOW (Severity: None)
2025-06-03 16:47:25,088 | INFO     | ActionRecommender | Recommended action: FLAG_FOR_REVIEW (Severity: Low)
2025-06-03 16:47:52,342 | INFO     | ActionRecommender | Recommended action: REMOVE_AND_WARN (Severity: Medium)
2025-06-03 16:48:20,139 | INFO     | ActionRecommender | Recommended action: WARN_USER (Severity: Low)
2025-06-03 16:48:51,479 | INFO     | ActionRecommender | Recommended action: REMOVE_AND_WARN (Severity: Medium)
2025-06-03 16:49:11,013 | INFO     | ActionRecommender | Recommended action: REMOVE_AND_WARN (Severity: Medium)
2025-06-03 16:49:36,956 | INFO     | ActionRecommender | Recommended action: WARN_USER (Severity: Low)
2025-06-03 17:09:05,066 | INFO     | ActionRecommender | Recommended action: FLAG_FOR_REVIEW (Severity: Low)
2025-06-03 17:09:57,248 | INFO     | ActionRecommender | Recommended action: ALLOW (Severity: None)
2025-06-03 17:10:38,177 | INFO     | ActionRecommender | Recommended action: REMOVE_AND_BAN (Severity: Critical)
2025-06-03 17:10:58,459 | INFO     | ActionRecommender | Recommended action: REMOVE_AND_BAN (Severity: Critical)
2025-06-03 17:11:23,531 | INFO     | ActionRecommender | Recommended action: REMOVE_AND_BAN (Severity: Critical)
2025-06-03 17:17:10,892 | INFO     | ActionRecommender | Recommended action: REMOVE_AND_WARN (Severity: Medium)
2025-06-03 17:17:53,927 | INFO     | ActionRecommender | Recommended action: REMOVE_AND_WARN (Severity: Medium)
2025-06-03 17:21:27,720 | INFO     | ActionRecommender | Recommended action: REMOVE_AND_WARN (Severity: Medium)
2025-06-03 17:30:31,261 | INFO     | ActionRecommender | Recommended action: REMOVE_AND_BAN (Severity: Critical)
2025-06-03 17:38:38,331 | INFO     | ActionRecommender | Initialized action recommender with predefined policies
2025-06-03 17:39:14,227 | INFO     | ActionRecommender | Recommended action: FLAG_FOR_REVIEW (Severity: Low)
2025-06-03 17:39:54,429 | INFO     | ActionRecommender | Recommended action: FLAG_FOR_REVIEW (Severity: Low)
2025-06-03 17:40:45,904 | INFO     | ActionRecommender | Recommended action: ALLOW (Severity: None)
2025-06-03 17:42:13,831 | INFO     | ActionRecommender | Recommended action: ALLOW (Severity: None)
2025-06-03 17:42:46,534 | INFO     | ActionRecommender | Recommended action: WARN_USER (Severity: Low)
2025-06-03 17:43:12,842 | INFO     | ActionRecommender | Recommended action: WARN_USER (Severity: Low)
2025-06-03 17:55:30,031 | INFO     | ActionRecommender | Initialized action recommender with predefined policies
2025-06-03 17:56:42,340 | INFO     | ActionRecommender | Recommended action: ALLOW (Severity: None)
2025-06-03 17:57:29,856 | INFO     | ActionRecommender | Recommended action: ALLOW (Severity: None)
2025-06-03 18:02:15,168 | INFO     | ActionRecommender | Initialized action recommender with predefined policies
2025-06-03 18:03:26,236 | INFO     | ActionRecommender | Recommended action: ALLOW (Severity: None)
2025-06-03 18:08:02,768 | INFO     | ActionRecommender | Recommended action: FLAG_FOR_REVIEW (Severity: Medium)
2025-06-03 18:14:02,013 | INFO     | ActionRecommender | Initialized action recommender with predefined policies
2025-06-03 18:14:52,705 | INFO     | ActionRecommender | Recommended action: REMOVE_AND_WARN (Severity: High)
2025-06-03 18:15:49,975 | INFO     | ActionRecommender | Recommended action: REMOVE_AND_WARN (Severity: Medium)
2025-06-03 18:17:02,694 | INFO     | ActionRecommender | Recommended action: FLAG_FOR_REVIEW (Severity: Low)
2025-06-03 18:18:32,022 | INFO     | ActionRecommender | Recommended action: ALLOW (Severity: None)
