2025-06-05 00:07:41,516 | INFO     | ActionRecommender | Initialized action recommender with predefined policies
2025-06-05 00:09:05,360 | INFO     | ActionRecommender | Initialized action recommender with predefined policies
2025-06-05 00:09:59,390 | INFO     | ActionRecommender | Recommended action: ALLOW (Severity: None)
2025-06-05 00:21:30,910 | INFO     | ActionRecommender | Initialized action recommender with predefined policies
2025-06-05 00:23:00,484 | INFO     | ActionRecommender | Recommended action: REMOVE AND WARN (Severity: High)
2025-06-05 00:29:45,380 | INFO     | ActionRecommender | Recommended action: REMOVE AND WARN (Severity: High)
2025-06-05 00:38:57,378 | INFO     | ActionRecommender | Recommended action: REMOVE AND WARN (Severity: High)
2025-06-05 00:43:17,519 | INFO     | ActionRecommender | Recommended action: REMOVE AND WARN (Severity: High)
2025-06-05 00:46:42,213 | INFO     | ActionRecommender | Recommended action: REMOVE AND WARN (Severity: High)
2025-06-05 00:49:30,458 | INFO     | ActionRecommender | Recommended action: REMOVE AND WARN (Severity: Medium)
2025-06-05 00:50:42,856 | INFO     | ActionRecommender | Recommended action: REMOVE AND WARN (Severity: Medium)
2025-06-05 00:54:53,938 | INFO     | ActionRecommender | Recommended action: REMOVE AND WARN (Severity: Medium)
2025-06-05 00:56:07,252 | INFO     | ActionRecommender | Recommended action: WARN USER (Severity: Low)
2025-06-05 00:57:43,691 | INFO     | ActionRecommender | Initialized action recommender with predefined policies
2025-06-05 00:58:48,844 | INFO     | ActionRecommender | Recommended action: REMOVE AND WARN (Severity: Medium)
2025-06-05 01:00:03,222 | INFO     | ActionRecommender | Recommended action: REMOVE AND WARN (Severity: Medium)
2025-06-05 01:03:28,091 | INFO     | ActionRecommender | Recommended action: REMOVE AND WARN (Severity: Medium)
2025-06-05 01:06:32,515 | INFO     | ActionRecommender | Recommended action: REMOVE AND WARN (Severity: Medium)
2025-06-05 01:12:23,132 | INFO     | ActionRecommender | Recommended action: WARN USER (Severity: Low)
2025-06-05 12:29:04,428 | INFO     | ActionRecommender | Initialized action recommender with predefined policies
2025-06-05 12:29:44,056 | INFO     | ActionRecommender | Recommended action: ALLOW (Severity: None)
2025-06-05 12:31:47,748 | INFO     | ActionRecommender | Recommended action: ALLOW (Severity: None)
2025-06-05 12:32:18,852 | INFO     | ActionRecommender | Initialized action recommender with predefined policies
2025-06-05 12:32:35,276 | INFO     | ActionRecommender | Recommended action: ALLOW (Severity: None)
2025-06-05 12:34:19,211 | INFO     | ActionRecommender | Initialized action recommender with predefined policies
2025-06-05 12:34:40,601 | INFO     | ActionRecommender | Recommended action: ALLOW (Severity: None)
2025-06-05 12:36:56,793 | INFO     | ActionRecommender | Initialized action recommender with predefined policies
2025-06-05 12:38:04,712 | INFO     | ActionRecommender | Initialized action recommender with predefined policies
2025-06-05 12:38:20,010 | INFO     | ActionRecommender | Recommended action: ALLOW (Severity: None)
2025-06-05 12:43:49,401 | INFO     | ActionRecommender | Initialized action recommender with predefined policies
2025-06-05 12:44:10,572 | INFO     | ActionRecommender | Recommended action: ALLOW (Severity: None)
2025-06-05 12:46:03,408 | INFO     | ActionRecommender | Initialized action recommender with predefined policies
2025-06-05 12:46:20,937 | INFO     | ActionRecommender | Recommended action: ALLOW (Severity: None)
2025-06-05 12:48:39,508 | INFO     | ActionRecommender | Initialized action recommender with predefined policies
2025-06-05 12:48:56,721 | INFO     | ActionRecommender | Recommended action: ALLOW (Severity: None)
2025-06-05 12:50:10,921 | INFO     | ActionRecommender | Recommended action: REMOVE AND WARN (Severity: High)
2025-06-05 12:52:31,941 | INFO     | ActionRecommender | Recommended action: REMOVE AND WARN (Severity: High)
2025-06-05 12:53:56,348 | INFO     | ActionRecommender | Recommended action: REMOVE AND WARN (Severity: Medium)
2025-06-05 12:54:36,032 | INFO     | ActionRecommender | Recommended action: REMOVE AND WARN (Severity: High)
2025-06-05 12:55:23,835 | INFO     | ActionRecommender | Recommended action: REMOVE AND WARN (Severity: High)
2025-06-05 12:56:17,910 | INFO     | ActionRecommender | Recommended action: REMOVE AND WARN (Severity: High)
2025-06-05 12:58:30,999 | INFO     | ActionRecommender | Recommended action: ALLOW (Severity: None)
2025-06-05 12:59:34,294 | INFO     | ActionRecommender | Recommended action: ALLOW (Severity: None)
2025-06-05 13:01:13,839 | INFO     | ActionRecommender | Recommended action: ALLOW (Severity: None)
