2025-06-04 13:46:00,025 | INFO     | ActionRecommender | Initialized action recommender with predefined policies
2025-06-04 13:46:33,832 | WARNING  | ActionRecommender | Invalid category: Error, defaulting to Ambiguous
2025-06-04 13:46:33,833 | INFO     | ActionRecommender | Recommended action: FLAG_FOR_REVIEW (Severity: Low)
2025-06-04 13:47:41,042 | WARNING  | ActionRecommender | Invalid category: Error, defaulting to Ambiguous
2025-06-04 13:47:41,043 | INFO     | ActionRecommender | Recommended action: FLAG_FOR_REVIEW (Severity: Low)
2025-06-04 13:48:45,623 | WARNING  | ActionRecommender | Invalid category: Error, defaulting to Ambiguous
2025-06-04 13:48:45,624 | INFO     | ActionRecommender | Recommended action: FLAG_FOR_REVIEW (Severity: Low)
2025-06-04 13:54:32,443 | WARNING  | ActionRecommender | Invalid category: Error, defaulting to Ambiguous
2025-06-04 13:54:32,444 | INFO     | ActionRecommender | Recommended action: FLAG_FOR_REVIEW (Severity: Low)
2025-06-04 14:47:03,824 | INFO     | ActionRecommender | Initialized action recommender with predefined policies
2025-06-04 14:47:18,762 | WARNING  | ActionRecommender | Invalid category: Error, defaulting to Ambiguous
2025-06-04 14:47:18,763 | INFO     | ActionRecommender | Recommended action: FLAG_FOR_REVIEW (Severity: Low)
2025-06-04 14:58:29,334 | INFO     | ActionRecommender | Initialized action recommender with predefined policies
2025-06-04 14:58:54,965 | WARNING  | ActionRecommender | Invalid category: Error, defaulting to Ambiguous
2025-06-04 14:58:54,965 | INFO     | ActionRecommender | Recommended action: FLAG_FOR_REVIEW (Severity: Low)
2025-06-04 15:01:21,039 | WARNING  | ActionRecommender | Invalid category: Error, defaulting to Ambiguous
2025-06-04 15:01:21,041 | INFO     | ActionRecommender | Recommended action: FLAG_FOR_REVIEW (Severity: Low)
2025-06-04 15:02:01,626 | INFO     | ActionRecommender | Initialized action recommender with predefined policies
2025-06-04 15:02:23,747 | WARNING  | ActionRecommender | Invalid category: Error, defaulting to Ambiguous
2025-06-04 15:02:23,748 | INFO     | ActionRecommender | Recommended action: FLAG_FOR_REVIEW (Severity: Low)
2025-06-04 15:12:48,807 | INFO     | ActionRecommender | Initialized action recommender with predefined policies
2025-06-04 15:13:10,122 | INFO     | ActionRecommender | Recommended action: ALLOW (Severity: None)
2025-06-04 15:29:34,564 | INFO     | ActionRecommender | Initialized action recommender with predefined policies
2025-06-04 15:30:09,973 | INFO     | ActionRecommender | Recommended action: REMOVE_AND_WARN (Severity: Medium)
2025-06-04 15:34:02,809 | INFO     | ActionRecommender | Recommended action: REMOVE_AND_WARN (Severity: Medium)
2025-06-04 15:34:56,846 | INFO     | ActionRecommender | Initialized action recommender with predefined policies
2025-06-04 15:35:16,480 | INFO     | ActionRecommender | Recommended action: ALLOW (Severity: None)
2025-06-04 15:35:40,376 | INFO     | ActionRecommender | Recommended action: REMOVE AND WARN (Severity: Medium)
2025-06-04 16:00:26,393 | INFO     | ActionRecommender | Initialized action recommender with predefined policies
2025-06-04 16:00:47,140 | INFO     | ActionRecommender | Recommended action: ALLOW (Severity: None)
2025-06-04 16:11:10,581 | INFO     | ActionRecommender | Initialized action recommender with predefined policies
2025-06-04 16:11:26,270 | INFO     | ActionRecommender | Recommended action: ALLOW (Severity: None)
2025-06-04 16:15:14,602 | INFO     | ActionRecommender | Initialized action recommender with predefined policies
2025-06-04 16:15:34,295 | INFO     | ActionRecommender | Recommended action: ALLOW (Severity: None)
2025-06-04 17:25:01,668 | INFO     | ActionRecommender | Initialized action recommender with predefined policies
2025-06-04 17:25:26,409 | INFO     | ActionRecommender | Recommended action: FLAG FOR REVIEW (Severity: Low)
2025-06-04 17:25:48,610 | INFO     | ActionRecommender | Recommended action: FLAG FOR REVIEW (Severity: Low)
2025-06-04 17:26:18,375 | INFO     | ActionRecommender | Recommended action: FLAG FOR REVIEW (Severity: Low)
2025-06-04 17:26:40,907 | INFO     | ActionRecommender | Recommended action: FLAG FOR REVIEW (Severity: Low)
2025-06-04 17:27:12,788 | INFO     | ActionRecommender | Recommended action: ALLOW (Severity: None)
2025-06-04 17:28:20,145 | INFO     | ActionRecommender | Recommended action: ALLOW (Severity: None)
2025-06-04 17:28:45,667 | INFO     | ActionRecommender | Recommended action: FLAG FOR REVIEW (Severity: Low)
2025-06-04 17:29:26,608 | INFO     | ActionRecommender | Recommended action: REMOVE AND WARN (Severity: High)
2025-06-04 17:30:32,230 | INFO     | ActionRecommender | Recommended action: FLAG FOR REVIEW (Severity: Low)
2025-06-04 17:31:00,202 | INFO     | ActionRecommender | Recommended action: ALLOW (Severity: None)
2025-06-04 17:31:18,726 | INFO     | ActionRecommender | Recommended action: REMOVE AND WARN (Severity: Medium)
2025-06-04 17:32:01,908 | INFO     | ActionRecommender | Recommended action: REMOVE AND WARN (Severity: Medium)
2025-06-04 17:32:25,329 | INFO     | ActionRecommender | Recommended action: ALLOW (Severity: None)
2025-06-04 17:32:46,427 | INFO     | ActionRecommender | Recommended action: REMOVE AND WARN (Severity: Medium)
2025-06-04 17:34:59,640 | INFO     | ActionRecommender | Recommended action: WARN USER (Severity: Low)
2025-06-04 17:35:30,094 | INFO     | ActionRecommender | Recommended action: REMOVE AND WARN (Severity: Medium)
2025-06-04 17:36:13,039 | INFO     | ActionRecommender | Recommended action: REMOVE AND WARN (Severity: Medium)
2025-06-04 17:36:39,440 | INFO     | ActionRecommender | Recommended action: WARN USER (Severity: Low)
2025-06-04 20:28:26,266 | INFO     | ActionRecommender | Initialized action recommender with predefined policies
2025-06-04 20:29:14,044 | INFO     | ActionRecommender | Recommended action: WARN USER (Severity: Low)
2025-06-04 20:30:34,961 | INFO     | ActionRecommender | Recommended action: WARN USER (Severity: Low)
2025-06-04 20:32:19,930 | INFO     | ActionRecommender | Recommended action: ALLOW (Severity: None)
2025-06-04 20:33:31,710 | INFO     | ActionRecommender | Recommended action: WARN USER (Severity: Low)
2025-06-04 20:34:40,410 | INFO     | ActionRecommender | Recommended action: WARN USER (Severity: Low)
2025-06-04 20:37:18,571 | INFO     | ActionRecommender | Initialized action recommender with predefined policies
2025-06-04 20:38:13,851 | INFO     | ActionRecommender | Recommended action: REMOVE AND WARN (Severity: Medium)
2025-06-04 20:38:49,414 | INFO     | ActionRecommender | Recommended action: WARN USER (Severity: Low)
2025-06-04 20:40:56,939 | INFO     | ActionRecommender | Recommended action: WARN USER (Severity: Low)
2025-06-04 20:43:38,330 | INFO     | ActionRecommender | Initialized action recommender with predefined policies
2025-06-04 20:48:47,368 | INFO     | ActionRecommender | Initialized action recommender with predefined policies
2025-06-04 20:49:10,524 | INFO     | ActionRecommender | Recommended action: REMOVE AND WARN (Severity: Medium)
2025-06-04 20:49:51,457 | INFO     | ActionRecommender | Recommended action: WARN USER (Severity: Low)
2025-06-04 20:52:55,315 | INFO     | ActionRecommender | Recommended action: REMOVE AND WARN (Severity: Medium)
2025-06-04 20:56:13,945 | INFO     | ActionRecommender | Recommended action: WARN USER (Severity: Low)
2025-06-04 20:58:16,420 | INFO     | ActionRecommender | Recommended action: WARN USER (Severity: Low)
