2025-06-03 12:11:35,714 | ERROR    | HybridRetriever | Error initializing embeddings: No documents loaded. Call load_documents() first.
2025-06-03 12:13:58,224 | ERROR    | HybridRetriever | Validation error: No documents found in data/policy_docs
2025-06-03 12:15:55,235 | INFO     | HybridRetriever | Found 5 text files in data/policy_docs
2025-06-03 12:15:55,235 | INFO     | HybridRetriever | Loading documents from: data/policy_docs
2025-06-03 12:15:55,241 | ERROR    | HybridRetriever | Validation error: Failed to load any valid documents from: data/policy_docs
2025-06-03 12:28:09,280 | INFO     | HybridRetriever | Loaded 5 document chunks from data/policy_docs
2025-06-03 12:28:21,559 | INFO     | HybridRetriever | Loaded 5 document chunks from data/policy_docs
2025-06-03 12:28:21,559 | INFO     | HybridRetriever | Loaded 5 document chunks from data/policy_docs
2025-06-03 12:28:21,559 | INFO     | HybridRetriever | Loaded 5 document chunks from data/policy_docs
2025-06-03 12:28:21,856 | INFO     | HybridRetriever | Loaded 5 document chunks from data/policy_docs
2025-06-03 12:28:21,856 | INFO     | HybridRetriever | Loaded 5 document chunks from data/policy_docs
2025-06-03 12:28:21,856 | INFO     | HybridRetriever | Loaded 5 document chunks from data/policy_docs
2025-06-03 12:28:27,082 | INFO     | HybridRetriever | Retrieved 3 relevant policies
2025-06-03 12:28:27,082 | INFO     | HybridRetriever | Retrieved 3 relevant policies
2025-06-03 12:28:27,082 | INFO     | HybridRetriever | Retrieved 3 relevant policies
2025-06-03 12:52:32,926 | INFO     | HybridRetriever | Loaded 5 document chunks from data/policy_docs
2025-06-03 12:53:04,697 | INFO     | HybridRetriever | Loaded 5 document chunks from data/policy_docs
2025-06-03 12:53:04,697 | INFO     | HybridRetriever | Loaded 5 document chunks from data/policy_docs
2025-06-03 12:53:04,697 | INFO     | HybridRetriever | Loaded 5 document chunks from data/policy_docs
2025-06-03 12:53:04,919 | INFO     | HybridRetriever | Loaded 5 document chunks from data/policy_docs
2025-06-03 12:53:04,919 | INFO     | HybridRetriever | Loaded 5 document chunks from data/policy_docs
2025-06-03 12:53:04,919 | INFO     | HybridRetriever | Loaded 5 document chunks from data/policy_docs
2025-06-03 12:53:10,341 | INFO     | HybridRetriever | Retrieved 3 relevant policies
2025-06-03 12:53:10,341 | INFO     | HybridRetriever | Retrieved 3 relevant policies
2025-06-03 12:53:10,341 | INFO     | HybridRetriever | Retrieved 3 relevant policies
2025-06-03 12:53:38,380 | INFO     | HybridRetriever | Loaded 5 document chunks from data/policy_docs
2025-06-03 12:53:38,380 | INFO     | HybridRetriever | Loaded 5 document chunks from data/policy_docs
2025-06-03 12:53:38,380 | INFO     | HybridRetriever | Loaded 5 document chunks from data/policy_docs
2025-06-03 12:53:38,380 | INFO     | HybridRetriever | Loaded 5 document chunks from data/policy_docs
2025-06-03 12:53:38,380 | INFO     | HybridRetriever | Loaded 5 document chunks from data/policy_docs
2025-06-03 12:53:38,558 | INFO     | HybridRetriever | Loaded 5 document chunks from data/policy_docs
2025-06-03 12:53:38,558 | INFO     | HybridRetriever | Loaded 5 document chunks from data/policy_docs
2025-06-03 12:53:38,558 | INFO     | HybridRetriever | Loaded 5 document chunks from data/policy_docs
2025-06-03 12:53:38,558 | INFO     | HybridRetriever | Loaded 5 document chunks from data/policy_docs
2025-06-03 12:53:38,558 | INFO     | HybridRetriever | Loaded 5 document chunks from data/policy_docs
2025-06-03 12:53:44,338 | INFO     | HybridRetriever | Retrieved 3 relevant policies
2025-06-03 12:53:44,338 | INFO     | HybridRetriever | Retrieved 3 relevant policies
2025-06-03 12:53:44,338 | INFO     | HybridRetriever | Retrieved 3 relevant policies
2025-06-03 12:53:44,338 | INFO     | HybridRetriever | Retrieved 3 relevant policies
2025-06-03 12:53:44,338 | INFO     | HybridRetriever | Retrieved 3 relevant policies
2025-06-03 13:00:08,578 | ERROR    | HybridRetriever | Error initializing embeddings: Unexpected Response: 409 (Conflict)
Raw response content:
b'{"status":{"error":"Wrong input: Collection `policy_documents` already exists!"},"time":0.000066857}'
2025-06-03 13:00:08,578 | ERROR    | HybridRetriever | Error initializing embeddings: Unexpected Response: 409 (Conflict)
Raw response content:
b'{"status":{"error":"Wrong input: Collection `policy_documents` already exists!"},"time":0.000066857}'
2025-06-03 13:00:08,578 | ERROR    | HybridRetriever | Error initializing embeddings: Unexpected Response: 409 (Conflict)
Raw response content:
b'{"status":{"error":"Wrong input: Collection `policy_documents` already exists!"},"time":0.000066857}'
2025-06-03 13:00:08,578 | ERROR    | HybridRetriever | Error initializing embeddings: Unexpected Response: 409 (Conflict)
Raw response content:
b'{"status":{"error":"Wrong input: Collection `policy_documents` already exists!"},"time":0.000066857}'
2025-06-03 13:00:08,578 | ERROR    | HybridRetriever | Error initializing embeddings: Unexpected Response: 409 (Conflict)
Raw response content:
b'{"status":{"error":"Wrong input: Collection `policy_documents` already exists!"},"time":0.000066857}'
2025-06-03 13:00:08,578 | ERROR    | HybridRetriever | Error initializing embeddings: Unexpected Response: 409 (Conflict)
Raw response content:
b'{"status":{"error":"Wrong input: Collection `policy_documents` already exists!"},"time":0.000066857}'
2025-06-03 13:00:08,578 | ERROR    | HybridRetriever | Error initializing embeddings: Unexpected Response: 409 (Conflict)
Raw response content:
b'{"status":{"error":"Wrong input: Collection `policy_documents` already exists!"},"time":0.000066857}'
2025-06-03 13:00:13,825 | INFO     | HybridRetriever | Loaded 5 document chunks from data/policy_docs
2025-06-03 13:00:13,825 | INFO     | HybridRetriever | Loaded 5 document chunks from data/policy_docs
2025-06-03 13:00:13,825 | INFO     | HybridRetriever | Loaded 5 document chunks from data/policy_docs
2025-06-03 13:00:13,825 | INFO     | HybridRetriever | Loaded 5 document chunks from data/policy_docs
2025-06-03 13:00:13,825 | INFO     | HybridRetriever | Loaded 5 document chunks from data/policy_docs
2025-06-03 13:00:13,825 | INFO     | HybridRetriever | Loaded 5 document chunks from data/policy_docs
2025-06-03 13:00:13,825 | INFO     | HybridRetriever | Loaded 5 document chunks from data/policy_docs
2025-06-03 13:01:53,344 | INFO     | HybridRetriever | Loaded 5 document chunks from data/policy_docs
2025-06-03 13:05:17,016 | INFO     | HybridRetriever | Loaded 5 document chunks from data/policy_docs
2025-06-03 13:05:47,413 | INFO     | HybridRetriever | Loaded 5 document chunks from data/policy_docs
2025-06-03 13:05:47,413 | INFO     | HybridRetriever | Loaded 5 document chunks from data/policy_docs
2025-06-03 13:05:47,413 | INFO     | HybridRetriever | Loaded 5 document chunks from data/policy_docs
2025-06-03 13:05:47,502 | INFO     | HybridRetriever | Loaded 5 document chunks from data/policy_docs
2025-06-03 13:05:47,502 | INFO     | HybridRetriever | Loaded 5 document chunks from data/policy_docs
2025-06-03 13:05:47,502 | INFO     | HybridRetriever | Loaded 5 document chunks from data/policy_docs
2025-06-03 13:05:52,677 | INFO     | HybridRetriever | Retrieved 3 relevant policies
2025-06-03 13:05:52,677 | INFO     | HybridRetriever | Retrieved 3 relevant policies
2025-06-03 13:05:52,677 | INFO     | HybridRetriever | Retrieved 3 relevant policies
2025-06-03 13:06:44,056 | INFO     | HybridRetriever | Loaded 5 document chunks from data/policy_docs
2025-06-03 13:06:44,056 | INFO     | HybridRetriever | Loaded 5 document chunks from data/policy_docs
2025-06-03 13:06:44,056 | INFO     | HybridRetriever | Loaded 5 document chunks from data/policy_docs
2025-06-03 13:06:44,056 | INFO     | HybridRetriever | Loaded 5 document chunks from data/policy_docs
2025-06-03 13:06:44,056 | INFO     | HybridRetriever | Loaded 5 document chunks from data/policy_docs
2025-06-03 13:06:44,321 | INFO     | HybridRetriever | Loaded 5 document chunks from data/policy_docs
2025-06-03 13:06:44,321 | INFO     | HybridRetriever | Loaded 5 document chunks from data/policy_docs
2025-06-03 13:06:44,321 | INFO     | HybridRetriever | Loaded 5 document chunks from data/policy_docs
2025-06-03 13:06:44,321 | INFO     | HybridRetriever | Loaded 5 document chunks from data/policy_docs
2025-06-03 13:06:44,321 | INFO     | HybridRetriever | Loaded 5 document chunks from data/policy_docs
2025-06-03 13:06:49,480 | INFO     | HybridRetriever | Retrieved 3 relevant policies
2025-06-03 13:06:49,480 | INFO     | HybridRetriever | Retrieved 3 relevant policies
2025-06-03 13:06:49,480 | INFO     | HybridRetriever | Retrieved 3 relevant policies
2025-06-03 13:06:49,480 | INFO     | HybridRetriever | Retrieved 3 relevant policies
2025-06-03 13:06:49,480 | INFO     | HybridRetriever | Retrieved 3 relevant policies
2025-06-03 13:07:58,489 | INFO     | HybridRetriever | Loaded 5 document chunks from data/policy_docs
2025-06-03 13:11:11,566 | INFO     | HybridRetriever | Loaded 5 document chunks from data/policy_docs
2025-06-03 13:12:44,142 | INFO     | HybridRetriever | Loaded 5 document chunks from data/policy_docs
2025-06-03 13:12:44,142 | INFO     | HybridRetriever | Loaded 5 document chunks from data/policy_docs
2025-06-03 13:13:10,680 | INFO     | HybridRetriever | Loaded 5 document chunks from data/policy_docs
2025-06-03 13:13:10,680 | INFO     | HybridRetriever | Loaded 5 document chunks from data/policy_docs
2025-06-03 13:13:10,680 | INFO     | HybridRetriever | Loaded 5 document chunks from data/policy_docs
2025-06-03 13:13:43,247 | INFO     | HybridRetriever | Loaded 5 document chunks from data/policy_docs
2025-06-03 13:13:43,247 | INFO     | HybridRetriever | Loaded 5 document chunks from data/policy_docs
2025-06-03 13:13:43,247 | INFO     | HybridRetriever | Loaded 5 document chunks from data/policy_docs
2025-06-03 13:13:43,247 | INFO     | HybridRetriever | Loaded 5 document chunks from data/policy_docs
2025-06-03 13:14:23,767 | INFO     | HybridRetriever | Loaded 5 document chunks from data/policy_docs
2025-06-03 13:14:23,767 | INFO     | HybridRetriever | Loaded 5 document chunks from data/policy_docs
2025-06-03 13:14:23,767 | INFO     | HybridRetriever | Loaded 5 document chunks from data/policy_docs
2025-06-03 13:14:23,767 | INFO     | HybridRetriever | Loaded 5 document chunks from data/policy_docs
2025-06-03 13:14:23,767 | INFO     | HybridRetriever | Loaded 5 document chunks from data/policy_docs
2025-06-03 13:14:55,529 | INFO     | HybridRetriever | Loaded 5 document chunks from data/policy_docs
2025-06-03 13:14:55,529 | INFO     | HybridRetriever | Loaded 5 document chunks from data/policy_docs
2025-06-03 13:14:55,529 | INFO     | HybridRetriever | Loaded 5 document chunks from data/policy_docs
2025-06-03 13:14:55,529 | INFO     | HybridRetriever | Loaded 5 document chunks from data/policy_docs
2025-06-03 13:14:55,529 | INFO     | HybridRetriever | Loaded 5 document chunks from data/policy_docs
2025-06-03 13:14:55,529 | INFO     | HybridRetriever | Loaded 5 document chunks from data/policy_docs
2025-06-03 13:19:23,432 | INFO     | HybridRetriever | Loaded 5 document chunks from data/policy_docs
2025-06-03 13:19:57,144 | INFO     | HybridRetriever | Retrieved 3 relevant policies
2025-06-03 13:20:44,168 | INFO     | HybridRetriever | Loaded 5 document chunks from data/policy_docs
2025-06-03 13:20:44,168 | INFO     | HybridRetriever | Loaded 5 document chunks from data/policy_docs
2025-06-03 13:22:59,277 | INFO     | HybridRetriever | Loaded 5 document chunks from data/policy_docs
2025-06-03 13:23:37,019 | INFO     | HybridRetriever | Loaded 5 document chunks from data/policy_docs
2025-06-03 13:23:37,019 | INFO     | HybridRetriever | Loaded 5 document chunks from data/policy_docs
2025-06-03 13:23:37,019 | INFO     | HybridRetriever | Loaded 5 document chunks from data/policy_docs
2025-06-03 13:23:37,200 | INFO     | HybridRetriever | Loaded 5 document chunks from data/policy_docs
2025-06-03 13:23:37,200 | INFO     | HybridRetriever | Loaded 5 document chunks from data/policy_docs
2025-06-03 13:23:37,200 | INFO     | HybridRetriever | Loaded 5 document chunks from data/policy_docs
2025-06-03 13:23:43,297 | INFO     | HybridRetriever | Retrieved 3 relevant policies
2025-06-03 13:23:43,297 | INFO     | HybridRetriever | Retrieved 3 relevant policies
2025-06-03 13:23:43,297 | INFO     | HybridRetriever | Retrieved 3 relevant policies
2025-06-03 13:24:36,570 | INFO     | HybridRetriever | Loaded 5 document chunks from data/policy_docs
2025-06-03 13:24:36,570 | INFO     | HybridRetriever | Loaded 5 document chunks from data/policy_docs
2025-06-03 13:24:36,570 | INFO     | HybridRetriever | Loaded 5 document chunks from data/policy_docs
2025-06-03 13:24:36,570 | INFO     | HybridRetriever | Loaded 5 document chunks from data/policy_docs
2025-06-03 13:25:19,146 | INFO     | HybridRetriever | Loaded 5 document chunks from data/policy_docs
2025-06-03 13:25:19,146 | INFO     | HybridRetriever | Loaded 5 document chunks from data/policy_docs
2025-06-03 13:25:19,146 | INFO     | HybridRetriever | Loaded 5 document chunks from data/policy_docs
2025-06-03 13:25:19,146 | INFO     | HybridRetriever | Loaded 5 document chunks from data/policy_docs
2025-06-03 13:25:19,146 | INFO     | HybridRetriever | Loaded 5 document chunks from data/policy_docs
2025-06-03 13:29:02,156 | INFO     | HybridRetriever | Loaded 5 document chunks from data/policy_docs
2025-06-03 13:29:44,900 | INFO     | HybridRetriever | Retrieved 3 relevant policies
2025-06-03 13:31:00,663 | INFO     | HybridRetriever | Retrieved 3 relevant policies
2025-06-03 13:32:30,285 | INFO     | HybridRetriever | Retrieved 3 relevant policies
2025-06-03 13:33:09,778 | INFO     | HybridRetriever | Retrieved 3 relevant policies
2025-06-03 13:34:03,926 | INFO     | HybridRetriever | Retrieved 3 relevant policies
2025-06-03 13:34:31,075 | INFO     | HybridRetriever | Loaded 5 document chunks from data/policy_docs
2025-06-03 13:38:20,820 | INFO     | HybridRetriever | Retrieved 3 relevant policies
2025-06-03 13:39:31,696 | INFO     | HybridRetriever | Retrieved 3 relevant policies
2025-06-03 13:49:49,535 | INFO     | HybridRetriever | Retrieved 3 relevant policies
2025-06-03 13:52:30,688 | INFO     | HybridRetriever | Retrieved 3 relevant policies
2025-06-03 14:00:58,475 | INFO     | HybridRetriever | Loaded 5 document chunks from data/policy_docs
2025-06-03 14:01:26,154 | INFO     | HybridRetriever | Retrieved 5 relevant policies
2025-06-03 14:11:57,099 | INFO     | HybridRetriever | Loaded 5 document chunks from data/policy_docs
2025-06-03 14:24:38,620 | INFO     | HybridRetriever | Loaded 5 document chunks from data/policy_docs
2025-06-03 14:26:36,952 | INFO     | HybridRetriever | Loaded 5 document chunks from data/policy_docs
2025-06-03 14:30:40,245 | INFO     | HybridRetriever | Retrieved 5 relevant policies
2025-06-03 14:33:16,704 | INFO     | HybridRetriever | Loaded 5 document chunks from data/policy_docs
2025-06-03 14:40:35,085 | INFO     | HybridRetriever | Loaded 5 document chunks from data/policy_docs
2025-06-03 14:44:13,576 | INFO     | HybridRetriever | Loaded 5 document chunks from data/policy_docs
2025-06-03 14:45:31,070 | INFO     | HybridRetriever | Retrieved 5 relevant policies
2025-06-03 14:46:39,836 | INFO     | HybridRetriever | Retrieved 5 relevant policies
2025-06-03 15:37:28,177 | INFO     | HybridRetriever | Loaded 5 document chunks from data/policy_docs
2025-06-03 16:26:17,708 | INFO     | HybridRetriever | Loaded 5 document chunks from data/policy_docs
2025-06-03 16:27:11,710 | INFO     | HybridRetriever | Retrieved 5 relevant policies
2025-06-03 16:43:59,137 | INFO     | HybridRetriever | Retrieved 5 relevant policies
2025-06-03 16:44:56,354 | INFO     | HybridRetriever | Retrieved 5 relevant policies
2025-06-03 16:45:29,617 | INFO     | HybridRetriever | Retrieved 5 relevant policies
2025-06-03 16:47:19,226 | INFO     | HybridRetriever | Retrieved 5 relevant policies
2025-06-03 16:47:47,909 | INFO     | HybridRetriever | Retrieved 5 relevant policies
2025-06-03 16:48:14,278 | INFO     | HybridRetriever | Retrieved 5 relevant policies
2025-06-03 16:48:47,053 | INFO     | HybridRetriever | Retrieved 5 relevant policies
2025-06-03 16:49:06,043 | INFO     | HybridRetriever | Retrieved 5 relevant policies
2025-06-03 16:49:29,738 | INFO     | HybridRetriever | Retrieved 5 relevant policies
2025-06-03 17:08:59,649 | INFO     | HybridRetriever | Retrieved 5 relevant policies
2025-06-03 17:17:49,377 | INFO     | HybridRetriever | Retrieved 5 relevant policies
2025-06-03 17:21:22,665 | INFO     | HybridRetriever | Retrieved 5 relevant policies
2025-06-03 17:30:27,530 | INFO     | HybridRetriever | Retrieved 5 relevant policies
2025-06-03 17:38:37,624 | INFO     | HybridRetriever | Loaded 5 document chunks from data/policy_docs
2025-06-03 17:39:09,397 | INFO     | HybridRetriever | Retrieved 5 relevant policies
2025-06-03 17:39:49,941 | INFO     | HybridRetriever | Retrieved 5 relevant policies
2025-06-03 17:40:31,963 | INFO     | HybridRetriever | Retrieved 5 relevant policies
2025-06-03 17:42:08,666 | INFO     | HybridRetriever | Retrieved 5 relevant policies
2025-06-03 17:42:41,796 | INFO     | HybridRetriever | Retrieved 5 relevant policies
2025-06-03 17:55:29,329 | INFO     | HybridRetriever | Loaded 5 document chunks from data/policy_docs
2025-06-03 17:56:37,846 | INFO     | HybridRetriever | Retrieved 5 relevant policies
2025-06-03 17:57:25,506 | INFO     | HybridRetriever | Retrieved 5 relevant policies
2025-06-03 18:02:14,381 | INFO     | HybridRetriever | Loaded 5 document chunks from data/policy_docs
2025-06-03 18:03:21,740 | INFO     | HybridRetriever | Retrieved 5 relevant policies
2025-06-03 18:07:58,881 | INFO     | HybridRetriever | Retrieved 5 relevant policies
2025-06-03 18:14:01,323 | INFO     | HybridRetriever | Loaded 5 document chunks from data/policy_docs
2025-06-03 18:14:48,542 | INFO     | HybridRetriever | Retrieved 5 relevant policies
